<?xml version="1.0" encoding="UTF-8"?>
<testsuite xmlns:xsi="http://www.w3.org/2001/XMLSchema-instance" xsi:noNamespaceSchemaLocation="https://maven.apache.org/surefire/maven-surefire-plugin/xsd/surefire-test-report-3.0.xsd" version="3.0" name="TestSuite" time="68.109" tests="4" errors="0" skipped="0" failures="0">
  <properties>
    <property name="java.specification.version" value="20"/>
    <property name="sun.jnu.encoding" value="UTF-8"/>
    <property name="java.class.path" value="/Users/teeto/IdeaProjects/sample-mobile-framework/target/test-classes:/Users/teeto/IdeaProjects/sample-mobile-framework/target/classes:/Users/teeto/.m2/repository/org/seleniumhq/selenium/selenium-java/4.15.0/selenium-java-4.15.0.jar:/Users/teeto/.m2/repository/org/seleniumhq/selenium/selenium-api/4.15.0/selenium-api-4.15.0.jar:/Users/teeto/.m2/repository/org/seleniumhq/selenium/selenium-chrome-driver/4.15.0/selenium-chrome-driver-4.15.0.jar:/Users/teeto/.m2/repository/com/google/auto/service/auto-service-annotations/1.1.1/auto-service-annotations-1.1.1.jar:/Users/teeto/.m2/repository/org/seleniumhq/selenium/selenium-chromium-driver/4.15.0/selenium-chromium-driver-4.15.0.jar:/Users/teeto/.m2/repository/org/seleniumhq/selenium/selenium-json/4.15.0/selenium-json-4.15.0.jar:/Users/teeto/.m2/repository/org/seleniumhq/selenium/selenium-manager/4.15.0/selenium-manager-4.15.0.jar:/Users/teeto/.m2/repository/org/seleniumhq/selenium/selenium-devtools-v117/4.15.0/selenium-devtools-v117-4.15.0.jar:/Users/teeto/.m2/repository/org/seleniumhq/selenium/selenium-devtools-v118/4.15.0/selenium-devtools-v118-4.15.0.jar:/Users/teeto/.m2/repository/org/seleniumhq/selenium/selenium-devtools-v119/4.15.0/selenium-devtools-v119-4.15.0.jar:/Users/teeto/.m2/repository/org/seleniumhq/selenium/selenium-devtools-v85/4.15.0/selenium-devtools-v85-4.15.0.jar:/Users/teeto/.m2/repository/org/seleniumhq/selenium/selenium-edge-driver/4.15.0/selenium-edge-driver-4.15.0.jar:/Users/teeto/.m2/repository/org/seleniumhq/selenium/selenium-firefox-driver/4.15.0/selenium-firefox-driver-4.15.0.jar:/Users/teeto/.m2/repository/org/seleniumhq/selenium/selenium-http/4.15.0/selenium-http-4.15.0.jar:/Users/teeto/.m2/repository/dev/failsafe/failsafe/3.3.2/failsafe-3.3.2.jar:/Users/teeto/.m2/repository/org/seleniumhq/selenium/selenium-ie-driver/4.15.0/selenium-ie-driver-4.15.0.jar:/Users/teeto/.m2/repository/org/seleniumhq/selenium/selenium-remote-driver/4.15.0/selenium-remote-driver-4.15.0.jar:/Users/teeto/.m2/repository/com/google/guava/guava/32.1.2-jre/guava-32.1.2-jre.jar:/Users/teeto/.m2/repository/com/google/guava/failureaccess/1.0.1/failureaccess-1.0.1.jar:/Users/teeto/.m2/repository/com/google/guava/listenablefuture/9999.0-empty-to-avoid-conflict-with-guava/listenablefuture-9999.0-empty-to-avoid-conflict-with-guava.jar:/Users/teeto/.m2/repository/com/google/code/findbugs/jsr305/3.0.2/jsr305-3.0.2.jar:/Users/teeto/.m2/repository/org/checkerframework/checker-qual/3.33.0/checker-qual-3.33.0.jar:/Users/teeto/.m2/repository/com/google/errorprone/error_prone_annotations/2.18.0/error_prone_annotations-2.18.0.jar:/Users/teeto/.m2/repository/com/google/j2objc/j2objc-annotations/2.8/j2objc-annotations-2.8.jar:/Users/teeto/.m2/repository/io/opentelemetry/opentelemetry-api/1.28.0/opentelemetry-api-1.28.0.jar:/Users/teeto/.m2/repository/io/opentelemetry/opentelemetry-context/1.28.0/opentelemetry-context-1.28.0.jar:/Users/teeto/.m2/repository/io/opentelemetry/opentelemetry-exporter-logging/1.28.0/opentelemetry-exporter-logging-1.28.0.jar:/Users/teeto/.m2/repository/io/opentelemetry/opentelemetry-sdk-metrics/1.28.0/opentelemetry-sdk-metrics-1.28.0.jar:/Users/teeto/.m2/repository/io/opentelemetry/opentelemetry-extension-incubator/1.28.0-alpha/opentelemetry-extension-incubator-1.28.0-alpha.jar:/Users/teeto/.m2/repository/io/opentelemetry/opentelemetry-sdk-logs/1.28.0/opentelemetry-sdk-logs-1.28.0.jar:/Users/teeto/.m2/repository/io/opentelemetry/opentelemetry-sdk-common/1.28.0/opentelemetry-sdk-common-1.28.0.jar:/Users/teeto/.m2/repository/io/opentelemetry/opentelemetry-sdk-extension-autoconfigure-spi/1.28.0/opentelemetry-sdk-extension-autoconfigure-spi-1.28.0.jar:/Users/teeto/.m2/repository/io/opentelemetry/opentelemetry-sdk-extension-autoconfigure/1.28.0/opentelemetry-sdk-extension-autoconfigure-1.28.0.jar:/Users/teeto/.m2/repository/io/opentelemetry/opentelemetry-api-events/1.28.0-alpha/opentelemetry-api-events-1.28.0-alpha.jar:/Users/teeto/.m2/repository/io/opentelemetry/opentelemetry-sdk-trace/1.28.0/opentelemetry-sdk-trace-1.28.0.jar:/Users/teeto/.m2/repository/io/opentelemetry/opentelemetry-sdk/1.28.0/opentelemetry-sdk-1.28.0.jar:/Users/teeto/.m2/repository/io/opentelemetry/opentelemetry-semconv/1.28.0-alpha/opentelemetry-semconv-1.28.0-alpha.jar:/Users/teeto/.m2/repository/net/bytebuddy/byte-buddy/1.14.5/byte-buddy-1.14.5.jar:/Users/teeto/.m2/repository/org/seleniumhq/selenium/selenium-os/4.15.0/selenium-os-4.15.0.jar:/Users/teeto/.m2/repository/org/apache/commons/commons-exec/1.3/commons-exec-1.3.jar:/Users/teeto/.m2/repository/org/seleniumhq/selenium/selenium-safari-driver/4.15.0/selenium-safari-driver-4.15.0.jar:/Users/teeto/.m2/repository/org/seleniumhq/selenium/selenium-support/4.15.0/selenium-support-4.15.0.jar:/Users/teeto/.m2/repository/io/appium/java-client/9.0.0/java-client-9.0.0.jar:/Users/teeto/.m2/repository/com/google/code/gson/gson/2.10.1/gson-2.10.1.jar:/Users/teeto/.m2/repository/org/slf4j/slf4j-api/2.0.9/slf4j-api-2.0.9.jar:/Users/teeto/.m2/repository/org/testng/testng/7.8.0/testng-7.8.0.jar:/Users/teeto/.m2/repository/com/beust/jcommander/1.82/jcommander-1.82.jar:/Users/teeto/.m2/repository/org/webjars/jquery/3.6.1/jquery-3.6.1.jar:/Users/teeto/.m2/repository/commons-io/commons-io/2.7/commons-io-2.7.jar:/Users/teeto/.m2/repository/ch/qos/logback/logback-classic/1.4.11/logback-classic-1.4.11.jar:/Users/teeto/.m2/repository/ch/qos/logback/logback-core/1.4.11/logback-core-1.4.11.jar:"/>
    <property name="java.vm.vendor" value="Oracle Corporation"/>
    <property name="sun.arch.data.model" value="64"/>
    <property name="java.vendor.url" value="https://java.oracle.com/"/>
    <property name="user.timezone" value="Europe/Lisbon"/>
    <property name="os.name" value="Mac OS X"/>
    <property name="java.vm.specification.version" value="20"/>
    <property name="sun.java.launcher" value="SUN_STANDARD"/>
    <property name="user.country" value="PT"/>
    <property name="sun.boot.library.path" value="/Users/teeto/Library/Java/JavaVirtualMachines/openjdk-20.0.1/Contents/Home/lib"/>
    <property name="sun.java.command" value="/Users/teeto/IdeaProjects/sample-mobile-framework/target/surefire/surefirebooter5261428377735955797.jar /Users/teeto/IdeaProjects/sample-mobile-framework/target/surefire 2025-05-24T23-26-46_834-jvmRun1 surefire17800664745096168105tmp surefire_0537150200140483310tmp"/>
    <property name="http.nonProxyHosts" value="local|*.local|169.254/16|*.169.254/16"/>
    <property name="jdk.debug" value="release"/>
    <property name="surefire.test.class.path" value="/Users/teeto/IdeaProjects/sample-mobile-framework/target/test-classes:/Users/teeto/IdeaProjects/sample-mobile-framework/target/classes:/Users/teeto/.m2/repository/org/seleniumhq/selenium/selenium-java/4.15.0/selenium-java-4.15.0.jar:/Users/teeto/.m2/repository/org/seleniumhq/selenium/selenium-api/4.15.0/selenium-api-4.15.0.jar:/Users/teeto/.m2/repository/org/seleniumhq/selenium/selenium-chrome-driver/4.15.0/selenium-chrome-driver-4.15.0.jar:/Users/teeto/.m2/repository/com/google/auto/service/auto-service-annotations/1.1.1/auto-service-annotations-1.1.1.jar:/Users/teeto/.m2/repository/org/seleniumhq/selenium/selenium-chromium-driver/4.15.0/selenium-chromium-driver-4.15.0.jar:/Users/teeto/.m2/repository/org/seleniumhq/selenium/selenium-json/4.15.0/selenium-json-4.15.0.jar:/Users/teeto/.m2/repository/org/seleniumhq/selenium/selenium-manager/4.15.0/selenium-manager-4.15.0.jar:/Users/teeto/.m2/repository/org/seleniumhq/selenium/selenium-devtools-v117/4.15.0/selenium-devtools-v117-4.15.0.jar:/Users/teeto/.m2/repository/org/seleniumhq/selenium/selenium-devtools-v118/4.15.0/selenium-devtools-v118-4.15.0.jar:/Users/teeto/.m2/repository/org/seleniumhq/selenium/selenium-devtools-v119/4.15.0/selenium-devtools-v119-4.15.0.jar:/Users/teeto/.m2/repository/org/seleniumhq/selenium/selenium-devtools-v85/4.15.0/selenium-devtools-v85-4.15.0.jar:/Users/teeto/.m2/repository/org/seleniumhq/selenium/selenium-edge-driver/4.15.0/selenium-edge-driver-4.15.0.jar:/Users/teeto/.m2/repository/org/seleniumhq/selenium/selenium-firefox-driver/4.15.0/selenium-firefox-driver-4.15.0.jar:/Users/teeto/.m2/repository/org/seleniumhq/selenium/selenium-http/4.15.0/selenium-http-4.15.0.jar:/Users/teeto/.m2/repository/dev/failsafe/failsafe/3.3.2/failsafe-3.3.2.jar:/Users/teeto/.m2/repository/org/seleniumhq/selenium/selenium-ie-driver/4.15.0/selenium-ie-driver-4.15.0.jar:/Users/teeto/.m2/repository/org/seleniumhq/selenium/selenium-remote-driver/4.15.0/selenium-remote-driver-4.15.0.jar:/Users/teeto/.m2/repository/com/google/guava/guava/32.1.2-jre/guava-32.1.2-jre.jar:/Users/teeto/.m2/repository/com/google/guava/failureaccess/1.0.1/failureaccess-1.0.1.jar:/Users/teeto/.m2/repository/com/google/guava/listenablefuture/9999.0-empty-to-avoid-conflict-with-guava/listenablefuture-9999.0-empty-to-avoid-conflict-with-guava.jar:/Users/teeto/.m2/repository/com/google/code/findbugs/jsr305/3.0.2/jsr305-3.0.2.jar:/Users/teeto/.m2/repository/org/checkerframework/checker-qual/3.33.0/checker-qual-3.33.0.jar:/Users/teeto/.m2/repository/com/google/errorprone/error_prone_annotations/2.18.0/error_prone_annotations-2.18.0.jar:/Users/teeto/.m2/repository/com/google/j2objc/j2objc-annotations/2.8/j2objc-annotations-2.8.jar:/Users/teeto/.m2/repository/io/opentelemetry/opentelemetry-api/1.28.0/opentelemetry-api-1.28.0.jar:/Users/teeto/.m2/repository/io/opentelemetry/opentelemetry-context/1.28.0/opentelemetry-context-1.28.0.jar:/Users/teeto/.m2/repository/io/opentelemetry/opentelemetry-exporter-logging/1.28.0/opentelemetry-exporter-logging-1.28.0.jar:/Users/teeto/.m2/repository/io/opentelemetry/opentelemetry-sdk-metrics/1.28.0/opentelemetry-sdk-metrics-1.28.0.jar:/Users/teeto/.m2/repository/io/opentelemetry/opentelemetry-extension-incubator/1.28.0-alpha/opentelemetry-extension-incubator-1.28.0-alpha.jar:/Users/teeto/.m2/repository/io/opentelemetry/opentelemetry-sdk-logs/1.28.0/opentelemetry-sdk-logs-1.28.0.jar:/Users/teeto/.m2/repository/io/opentelemetry/opentelemetry-sdk-common/1.28.0/opentelemetry-sdk-common-1.28.0.jar:/Users/teeto/.m2/repository/io/opentelemetry/opentelemetry-sdk-extension-autoconfigure-spi/1.28.0/opentelemetry-sdk-extension-autoconfigure-spi-1.28.0.jar:/Users/teeto/.m2/repository/io/opentelemetry/opentelemetry-sdk-extension-autoconfigure/1.28.0/opentelemetry-sdk-extension-autoconfigure-1.28.0.jar:/Users/teeto/.m2/repository/io/opentelemetry/opentelemetry-api-events/1.28.0-alpha/opentelemetry-api-events-1.28.0-alpha.jar:/Users/teeto/.m2/repository/io/opentelemetry/opentelemetry-sdk-trace/1.28.0/opentelemetry-sdk-trace-1.28.0.jar:/Users/teeto/.m2/repository/io/opentelemetry/opentelemetry-sdk/1.28.0/opentelemetry-sdk-1.28.0.jar:/Users/teeto/.m2/repository/io/opentelemetry/opentelemetry-semconv/1.28.0-alpha/opentelemetry-semconv-1.28.0-alpha.jar:/Users/teeto/.m2/repository/net/bytebuddy/byte-buddy/1.14.5/byte-buddy-1.14.5.jar:/Users/teeto/.m2/repository/org/seleniumhq/selenium/selenium-os/4.15.0/selenium-os-4.15.0.jar:/Users/teeto/.m2/repository/org/apache/commons/commons-exec/1.3/commons-exec-1.3.jar:/Users/teeto/.m2/repository/org/seleniumhq/selenium/selenium-safari-driver/4.15.0/selenium-safari-driver-4.15.0.jar:/Users/teeto/.m2/repository/org/seleniumhq/selenium/selenium-support/4.15.0/selenium-support-4.15.0.jar:/Users/teeto/.m2/repository/io/appium/java-client/9.0.0/java-client-9.0.0.jar:/Users/teeto/.m2/repository/com/google/code/gson/gson/2.10.1/gson-2.10.1.jar:/Users/teeto/.m2/repository/org/slf4j/slf4j-api/2.0.9/slf4j-api-2.0.9.jar:/Users/teeto/.m2/repository/org/testng/testng/7.8.0/testng-7.8.0.jar:/Users/teeto/.m2/repository/com/beust/jcommander/1.82/jcommander-1.82.jar:/Users/teeto/.m2/repository/org/webjars/jquery/3.6.1/jquery-3.6.1.jar:/Users/teeto/.m2/repository/commons-io/commons-io/2.7/commons-io-2.7.jar:/Users/teeto/.m2/repository/ch/qos/logback/logback-classic/1.4.11/logback-classic-1.4.11.jar:/Users/teeto/.m2/repository/ch/qos/logback/logback-core/1.4.11/logback-core-1.4.11.jar:"/>
    <property name="sun.cpu.endian" value="little"/>
    <property name="user.home" value="/Users/teeto"/>
    <property name="user.language" value="en"/>
    <property name="java.specification.vendor" value="Oracle Corporation"/>
    <property name="java.version.date" value="2023-04-18"/>
    <property name="java.home" value="/Users/teeto/Library/Java/JavaVirtualMachines/openjdk-20.0.1/Contents/Home"/>
    <property name="file.separator" value="/"/>
    <property name="basedir" value="/Users/teeto/IdeaProjects/sample-mobile-framework"/>
    <property name="java.vm.compressedOopsMode" value="Zero based"/>
    <property name="line.separator" value="&#10;"/>
    <property name="java.vm.specification.vendor" value="Oracle Corporation"/>
    <property name="java.specification.name" value="Java Platform API Specification"/>
    <property name="apple.awt.application.name" value="ForkedBooter"/>
    <property name="surefire.real.class.path" value="/Users/teeto/IdeaProjects/sample-mobile-framework/target/surefire/surefirebooter5261428377735955797.jar"/>
    <property name="sun.management.compiler" value="HotSpot 64-Bit Tiered Compilers"/>
    <property name="ftp.nonProxyHosts" value="local|*.local|169.254/16|*.169.254/16"/>
    <property name="java.runtime.version" value="20.0.1+9-29"/>
    <property name="user.name" value="teeto"/>
    <property name="stdout.encoding" value="UTF-8"/>
    <property name="path.separator" value=":"/>
    <property name="os.version" value="15.3"/>
    <property name="java.runtime.name" value="OpenJDK Runtime Environment"/>
    <property name="file.encoding" value="UTF-8"/>
    <property name="java.vm.name" value="OpenJDK 64-Bit Server VM"/>
    <property name="localRepository" value="/Users/teeto/.m2/repository"/>
    <property name="java.vendor.url.bug" value="https://bugreport.java.com/bugreport/"/>
    <property name="java.io.tmpdir" value="/var/folders/vb/w7dhgy710h345ql5wggwb99c0000gn/T/"/>
    <property name="java.version" value="20.0.1"/>
    <property name="user.dir" value="/Users/teeto/IdeaProjects/sample-mobile-framework"/>
    <property name="os.arch" value="x86_64"/>
    <property name="java.vm.specification.name" value="Java Virtual Machine Specification"/>
    <property name="native.encoding" value="UTF-8"/>
    <property name="java.library.path" value="/Users/teeto/Library/Java/Extensions:/Library/Java/Extensions:/Network/Library/Java/Extensions:/System/Library/Java/Extensions:/usr/lib/java:."/>
    <property name="java.vm.info" value="mixed mode, sharing"/>
    <property name="stderr.encoding" value="UTF-8"/>
    <property name="java.vendor" value="Oracle Corporation"/>
    <property name="java.vm.version" value="20.0.1+9-29"/>
    <property name="sun.io.unicode.encoding" value="UnicodeBig"/>
    <property name="socksNonProxyHosts" value="local|*.local|169.254/16|*.169.254/16"/>
    <property name="java.class.version" value="64.0"/>
  </properties>
  <testcase name="testBackButtonFunctionality" classname="tests.WalletTest" time="4.967">
    <system-out><![CDATA[23:26:48.701 [main] DEBUG org.testng.TestNG -- suiteXmlPath: "/Users/teeto/IdeaProjects/sample-mobile-framework/src/testng.xml"
23:26:58.614 [main] INFO utils.TestListener -- Test started: testBackButtonFunctionality
23:26:58.624 [main] INFO pages.WalletPage -- Clicking OK button
23:26:58.797 [main] INFO pages.WalletPage -- Clicking Create Wallet button
23:27:01.364 [main] INFO pages.WalletPage -- Asserting 'Create passcode' text is visible
23:27:01.368 [main] INFO utils.HelperUtil -- Asserting visible text: Create passcode
23:27:01.369 [main] INFO utils.HelperUtil -- Waiting for element to be visible: By.xpath: //*[contains(@text, 'Create passcode') or contains(@label, 'Create passcode') or contains(@content-desc, 'Create passcode')]
23:27:02.424 [main] INFO pages.WalletPage -- Clicking Back button
23:27:03.373 [main] INFO pages.WalletPage -- Asserting 'Create new wallet' button is visible
23:27:03.373 [main] INFO utils.HelperUtil -- Asserting visible element. Type: android.widget.TextView, Text: Create new wallet
23:27:03.374 [main] INFO utils.HelperUtil -- Waiting for element to be visible: By.xpath: //android.widget.TextView[@text='Create new wallet']
]]></system-out>
  </testcase>
  <testcase name="testCreateNewWallet" classname="tests.WalletTest" time="13.641">
    <system-out><![CDATA[23:27:03.579 [main] INFO utils.TestListener -- Test passed: testBackButtonFunctionality
23:27:10.290 [main] INFO utils.TestListener -- Test started: testCreateNewWallet
23:27:10.291 [main] INFO pages.WalletPage -- Clicking OK button
23:27:10.471 [main] INFO pages.WalletPage -- Clicking Create Wallet button
23:27:12.411 [main] INFO pages.WalletPage -- Asserting 'Create passcode' text is visible
23:27:12.412 [main] INFO utils.HelperUtil -- Asserting visible text: Create passcode
23:27:12.412 [main] INFO utils.HelperUtil -- Waiting for element to be visible: By.xpath: //*[contains(@text, 'Create passcode') or contains(@label, 'Create passcode') or contains(@content-desc, 'Create passcode')]
23:27:13.123 [main] INFO pages.WalletPage -- Entering passcode
23:27:13.124 [main] INFO utils.HelperUtil -- Entering passcode: 123456
23:27:13.124 [main] DEBUG utils.HelperUtil -- Clicking digit: 1 using locator: By.xpath: //android.widget.TextView[@text='1']
23:27:13.124 [main] INFO utils.HelperUtil -- Waiting for element to be clickable: By.xpath: //android.widget.TextView[@text='1']
23:27:13.959 [main] DEBUG utils.HelperUtil -- Clicking digit: 2 using locator: By.xpath: //android.widget.TextView[@text='2']
23:27:13.959 [main] INFO utils.HelperUtil -- Waiting for element to be clickable: By.xpath: //android.widget.TextView[@text='2']
23:27:14.777 [main] DEBUG utils.HelperUtil -- Clicking digit: 3 using locator: By.xpath: //android.widget.TextView[@text='3']
23:27:14.777 [main] INFO utils.HelperUtil -- Waiting for element to be clickable: By.xpath: //android.widget.TextView[@text='3']
23:27:16.071 [main] DEBUG utils.HelperUtil -- Clicking digit: 4 using locator: By.xpath: //android.widget.TextView[@text='4']
23:27:16.072 [main] INFO utils.HelperUtil -- Waiting for element to be clickable: By.xpath: //android.widget.TextView[@text='4']
23:27:17.127 [main] DEBUG utils.HelperUtil -- Clicking digit: 5 using locator: By.xpath: //android.widget.TextView[@text='5']
23:27:17.127 [main] INFO utils.HelperUtil -- Waiting for element to be clickable: By.xpath: //android.widget.TextView[@text='5']
23:27:17.871 [main] DEBUG utils.HelperUtil -- Clicking digit: 6 using locator: By.xpath: //android.widget.TextView[@text='6']
23:27:17.872 [main] INFO utils.HelperUtil -- Waiting for element to be clickable: By.xpath: //android.widget.TextView[@text='6']
23:27:18.017 [main] INFO pages.WalletPage -- Entering confirm passcode
23:27:18.017 [main] INFO utils.HelperUtil -- Entering passcode: 123456
23:27:18.017 [main] DEBUG utils.HelperUtil -- Clicking digit: 1 using locator: By.xpath: //android.widget.TextView[@text='1']
23:27:18.017 [main] INFO utils.HelperUtil -- Waiting for element to be clickable: By.xpath: //android.widget.TextView[@text='1']
23:27:18.457 [main] DEBUG utils.HelperUtil -- Clicking digit: 2 using locator: By.xpath: //android.widget.TextView[@text='2']
23:27:18.457 [main] INFO utils.HelperUtil -- Waiting for element to be clickable: By.xpath: //android.widget.TextView[@text='2']
23:27:19.021 [main] DEBUG utils.HelperUtil -- Clicking digit: 3 using locator: By.xpath: //android.widget.TextView[@text='3']
23:27:19.021 [main] INFO utils.HelperUtil -- Waiting for element to be clickable: By.xpath: //android.widget.TextView[@text='3']
23:27:19.316 [main] DEBUG utils.HelperUtil -- Clicking digit: 4 using locator: By.xpath: //android.widget.TextView[@text='4']
23:27:19.316 [main] INFO utils.HelperUtil -- Waiting for element to be clickable: By.xpath: //android.widget.TextView[@text='4']
23:27:19.653 [main] DEBUG utils.HelperUtil -- Clicking digit: 5 using locator: By.xpath: //android.widget.TextView[@text='5']
23:27:19.653 [main] INFO utils.HelperUtil -- Waiting for element to be clickable: By.xpath: //android.widget.TextView[@text='5']
23:27:20.180 [main] DEBUG utils.HelperUtil -- Clicking digit: 6 using locator: By.xpath: //android.widget.TextView[@text='6']
23:27:20.181 [main] INFO utils.HelperUtil -- Waiting for element to be clickable: By.xpath: //android.widget.TextView[@text='6']
23:27:20.506 [main] INFO pages.WalletPage -- Handling notifications prompt. Enable: true
23:27:20.507 [main] INFO utils.HelperUtil -- Asserting visible text: Enable Notifications
23:27:20.507 [main] INFO utils.HelperUtil -- Waiting for element to be visible: By.xpath: //*[contains(@text, 'Enable Notifications') or contains(@label, 'Enable Notifications') or contains(@content-desc, 'Enable Notifications')]
23:27:21.784 [main] INFO pages.WalletPage -- Clicking Enable Notifications button
23:27:21.850 [main] INFO utils.HelperUtil -- Clicking button with text: Allow
23:27:21.851 [main] INFO utils.HelperUtil -- Waiting for element to be clickable: By.xpath: //android.widget.Button[@text='Allow']
23:27:22.601 [main] INFO utils.HelperUtil -- Asserting visible text: Brilliant, your wallet is ready!
23:27:22.601 [main] INFO utils.HelperUtil -- Waiting for element to be visible: By.xpath: //*[contains(@text, 'Brilliant, your wallet is ready!') or contains(@label, 'Brilliant, your wallet is ready!') or contains(@content-desc, 'Brilliant, your wallet is ready!')]
]]></system-out>
  </testcase>
  <testcase name="testCreateNewWalletWithNotificationsSkipped" classname="tests.WalletTest" time="13.233">
    <system-out><![CDATA[23:27:23.931 [main] INFO utils.TestListener -- Test passed: testCreateNewWallet
23:27:29.654 [main] INFO utils.TestListener -- Test started: testCreateNewWalletWithNotificationsSkipped
23:27:29.656 [main] INFO pages.WalletPage -- Clicking OK button
23:27:29.864 [main] INFO pages.WalletPage -- Clicking Create Wallet button
23:27:31.961 [main] INFO pages.WalletPage -- Asserting 'Create passcode' text is visible
23:27:31.962 [main] INFO utils.HelperUtil -- Asserting visible text: Create passcode
23:27:31.962 [main] INFO utils.HelperUtil -- Waiting for element to be visible: By.xpath: //*[contains(@text, 'Create passcode') or contains(@label, 'Create passcode') or contains(@content-desc, 'Create passcode')]
23:27:32.712 [main] INFO pages.WalletPage -- Entering passcode
23:27:32.712 [main] INFO utils.HelperUtil -- Entering passcode: 123456
23:27:32.712 [main] DEBUG utils.HelperUtil -- Clicking digit: 1 using locator: By.xpath: //android.widget.TextView[@text='1']
23:27:32.712 [main] INFO utils.HelperUtil -- Waiting for element to be clickable: By.xpath: //android.widget.TextView[@text='1']
23:27:33.616 [main] DEBUG utils.HelperUtil -- Clicking digit: 2 using locator: By.xpath: //android.widget.TextView[@text='2']
23:27:33.617 [main] INFO utils.HelperUtil -- Waiting for element to be clickable: By.xpath: //android.widget.TextView[@text='2']
23:27:34.975 [main] DEBUG utils.HelperUtil -- Clicking digit: 3 using locator: By.xpath: //android.widget.TextView[@text='3']
23:27:34.975 [main] INFO utils.HelperUtil -- Waiting for element to be clickable: By.xpath: //android.widget.TextView[@text='3']
23:27:35.962 [main] DEBUG utils.HelperUtil -- Clicking digit: 4 using locator: By.xpath: //android.widget.TextView[@text='4']
23:27:35.963 [main] INFO utils.HelperUtil -- Waiting for element to be clickable: By.xpath: //android.widget.TextView[@text='4']
23:27:36.923 [main] DEBUG utils.HelperUtil -- Clicking digit: 5 using locator: By.xpath: //android.widget.TextView[@text='5']
23:27:36.923 [main] INFO utils.HelperUtil -- Waiting for element to be clickable: By.xpath: //android.widget.TextView[@text='5']
23:27:37.665 [main] DEBUG utils.HelperUtil -- Clicking digit: 6 using locator: By.xpath: //android.widget.TextView[@text='6']
23:27:37.665 [main] INFO utils.HelperUtil -- Waiting for element to be clickable: By.xpath: //android.widget.TextView[@text='6']
23:27:37.850 [main] INFO pages.WalletPage -- Entering confirm passcode
23:27:37.850 [main] INFO utils.HelperUtil -- Entering passcode: 123456
23:27:37.850 [main] DEBUG utils.HelperUtil -- Clicking digit: 1 using locator: By.xpath: //android.widget.TextView[@text='1']
23:27:37.850 [main] INFO utils.HelperUtil -- Waiting for element to be clickable: By.xpath: //android.widget.TextView[@text='1']
23:27:38.287 [main] DEBUG utils.HelperUtil -- Clicking digit: 2 using locator: By.xpath: //android.widget.TextView[@text='2']
23:27:38.287 [main] INFO utils.HelperUtil -- Waiting for element to be clickable: By.xpath: //android.widget.TextView[@text='2']
23:27:38.875 [main] DEBUG utils.HelperUtil -- Clicking digit: 3 using locator: By.xpath: //android.widget.TextView[@text='3']
23:27:38.875 [main] INFO utils.HelperUtil -- Waiting for element to be clickable: By.xpath: //android.widget.TextView[@text='3']
23:27:39.433 [main] DEBUG utils.HelperUtil -- Clicking digit: 4 using locator: By.xpath: //android.widget.TextView[@text='4']
23:27:39.433 [main] INFO utils.HelperUtil -- Waiting for element to be clickable: By.xpath: //android.widget.TextView[@text='4']
23:27:39.885 [main] DEBUG utils.HelperUtil -- Clicking digit: 5 using locator: By.xpath: //android.widget.TextView[@text='5']
23:27:39.886 [main] INFO utils.HelperUtil -- Waiting for element to be clickable: By.xpath: //android.widget.TextView[@text='5']
23:27:40.116 [main] DEBUG utils.HelperUtil -- Clicking digit: 6 using locator: By.xpath: //android.widget.TextView[@text='6']
23:27:40.116 [main] INFO utils.HelperUtil -- Waiting for element to be clickable: By.xpath: //android.widget.TextView[@text='6']
23:27:40.335 [main] INFO pages.WalletPage -- Handling notifications prompt. Enable: false
23:27:40.336 [main] INFO utils.HelperUtil -- Asserting visible text: Enable Notifications
23:27:40.336 [main] INFO utils.HelperUtil -- Waiting for element to be visible: By.xpath: //*[contains(@text, 'Enable Notifications') or contains(@label, 'Enable Notifications') or contains(@content-desc, 'Enable Notifications')]
23:27:41.642 [main] INFO pages.WalletPage -- Clicking Skip button
23:27:41.731 [main] INFO utils.HelperUtil -- Asserting visible text: Brilliant, your wallet is ready!
23:27:41.731 [main] INFO utils.HelperUtil -- Waiting for element to be visible: By.xpath: //*[contains(@text, 'Brilliant, your wallet is ready!') or contains(@label, 'Brilliant, your wallet is ready!') or contains(@content-desc, 'Brilliant, your wallet is ready!')]
]]></system-out>
  </testcase>
  <testcase name="testDeleteButtonFunctionality" classname="tests.WalletTest" time="7.735">
    <system-out><![CDATA[23:27:42.886 [main] INFO utils.TestListener -- Test passed: testCreateNewWalletWithNotificationsSkipped
23:27:48.236 [main] INFO utils.TestListener -- Test started: testDeleteButtonFunctionality
23:27:48.239 [main] INFO pages.WalletPage -- Clicking OK button
23:27:48.401 [main] INFO pages.WalletPage -- Clicking Create Wallet button
23:27:50.295 [main] INFO pages.WalletPage -- Asserting 'Create passcode' text is visible
23:27:50.295 [main] INFO utils.HelperUtil -- Asserting visible text: Create passcode
23:27:50.295 [main] INFO utils.HelperUtil -- Waiting for element to be visible: By.xpath: //*[contains(@text, 'Create passcode') or contains(@label, 'Create passcode') or contains(@content-desc, 'Create passcode')]
23:27:51.041 [main] INFO pages.WalletPage -- Entering passcode
23:27:51.042 [main] INFO utils.HelperUtil -- Entering passcode: 1234
23:27:51.042 [main] DEBUG utils.HelperUtil -- Clicking digit: 1 using locator: By.xpath: //android.widget.TextView[@text='1']
23:27:51.042 [main] INFO utils.HelperUtil -- Waiting for element to be clickable: By.xpath: //android.widget.TextView[@text='1']
23:27:52.270 [main] DEBUG utils.HelperUtil -- Clicking digit: 2 using locator: By.xpath: //android.widget.TextView[@text='2']
23:27:52.270 [main] INFO utils.HelperUtil -- Waiting for element to be clickable: By.xpath: //android.widget.TextView[@text='2']
23:27:53.136 [main] DEBUG utils.HelperUtil -- Clicking digit: 3 using locator: By.xpath: //android.widget.TextView[@text='3']
23:27:53.137 [main] INFO utils.HelperUtil -- Waiting for element to be clickable: By.xpath: //android.widget.TextView[@text='3']
23:27:54.127 [main] DEBUG utils.HelperUtil -- Clicking digit: 4 using locator: By.xpath: //android.widget.TextView[@text='4']
23:27:54.128 [main] INFO utils.HelperUtil -- Waiting for element to be clickable: By.xpath: //android.widget.TextView[@text='4']
23:27:55.192 [main] INFO pages.WalletPage -- Clicking Delete button
23:27:55.892 [main] INFO utils.HelperUtil -- Asserting visible text: Create passcode
23:27:55.892 [main] INFO utils.HelperUtil -- Waiting for element to be visible: By.xpath: //*[contains(@text, 'Create passcode') or contains(@label, 'Create passcode') or contains(@content-desc, 'Create passcode')]
]]></system-out>
  </testcase>
</testsuite>