<?xml version="1.0" encoding="UTF-8"?>
<!-- Generated by org.testng.reporters.JUnitReportReporter -->
<testsuite hostname="MacBookPro" failures="0" tests="4" name="tests.WalletTest" time="66.850" errors="0" timestamp="2025-05-24T23:27:56 WEST" skipped="0">
  <testcase classname="tests.WalletTest" name="testBackButtonFunctionality" time="14.308"/>
  <testcase classname="tests.WalletTest" name="testCreateNewWalletWithNotificationsSkipped" time="20.082"/>
  <testcase classname="tests.WalletTest" name="testCreateNewWallet" time="18.979"/>
  <testcase classname="tests.WalletTest" name="testDeleteButtonFunctionality" time="13.481"/>
</testsuite> <!-- tests.WalletTest -->
