<?xml version="1.0" encoding="UTF-8"?>
<!-- Generated by org.testng.reporters.JUnitReportReporter -->
<testsuite hostname="MacBookPro" failures="0" tests="1" name="tests.WalletTest" time="21.404" errors="0" timestamp="2025-05-24T21:51:20 WEST" skipped="0">
  <testcase classname="tests.WalletTest" name="testCreateNewWallet" time="21.404"/>
</testsuite> <!-- tests.WalletTest -->
